# JRE version: OpenJDK Runtime Environment (11.0.12+7) (build 11.0.12+7-b1504.28-7817840)
# Java VM: OpenJDK 64-Bit Server VM (11.0.12+7-b1504.28-7817840, mixed mode, tiered, compressed oops, g1 gc, windows-amd64)
Heap:
 garbage-first heap   total 285696K, used 225644K [0x0000000080000000, 0x0000000100000000)
  region size 1024K, 34 young (34816K), 2 survivors (2048K)
 Metaspace       used 100275K, capacity 102709K, committed 102956K, reserved 1138688K
  class space    used 13130K, capacity 14105K, committed 14208K, reserved 1048576K
GC Heap History (20 events):
Event: 19.085 GC heap after
{Heap after GC invocations=26 (full 0):
 garbage-first heap   total 189440K, used 103605K [0x0000000080000000, 0x0000000100000000)
  region size 1024K, 7 young (7168K), 7 survivors (7168K)
 Metaspace       used 94235K, capacity 96391K, committed 96684K, reserved 1132544K
  class space    used 12196K, capacity 13000K, committed 13056K, reserved 1048576K
}
Event: 19.358 GC heap before
{Heap before GC invocations=27 (full 0):
 garbage-first heap   total 189440K, used 171189K [0x0000000080000000, 0x0000000100000000)
  region size 1024K, 50 young (51200K), 7 survivors (7168K)
 Metaspace       used 94472K, capacity 96623K, committed 96684K, reserved 1132544K
  class space    used 12219K, capacity 13034K, committed 13056K, reserved 1048576K
}
Event: 19.427 GC heap after
{Heap after GC invocations=28 (full 0):
 garbage-first heap   total 195584K, used 128962K [0x0000000080000000, 0x0000000100000000)
  region size 1024K, 7 young (7168K), 7 survivors (7168K)
 Metaspace       used 94472K, capacity 96623K, committed 96684K, reserved 1132544K
  class space    used 12219K, capacity 13034K, committed 13056K, reserved 1048576K
}
Event: 19.867 GC heap before
{Heap before GC invocations=29 (full 0):
 garbage-first heap   total 195584K, used 159682K [0x0000000080000000, 0x0000000100000000)
  region size 1024K, 36 young (36864K), 7 survivors (7168K)
 Metaspace       used 96826K, capacity 98966K, committed 99244K, reserved 1134592K
  class space    used 12683K, capacity 13518K, committed 13568K, reserved 1048576K
}
Event: 19.904 GC heap after
{Heap after GC invocations=30 (full 0):
 garbage-first heap   total 237568K, used 141661K [0x0000000080000000, 0x0000000100000000)
  region size 1024K, 5 young (5120K), 5 survivors (5120K)
 Metaspace       used 96826K, capacity 98966K, committed 99244K, reserved 1134592K
  class space    used 12683K, capacity 13518K, committed 13568K, reserved 1048576K
}
Event: 20.148 GC heap before
{Heap before GC invocations=30 (full 0):
 garbage-first heap   total 237568K, used 178525K [0x0000000080000000, 0x0000000100000000)
  region size 1024K, 42 young (43008K), 5 survivors (5120K)
 Metaspace       used 96907K, capacity 99036K, committed 99244K, reserved 1134592K
  class space    used 12683K, capacity 13518K, committed 13568K, reserved 1048576K
}
Event: 20.179 GC heap after
{Heap after GC invocations=31 (full 0):
 garbage-first heap   total 237568K, used 161280K [0x0000000080000000, 0x0000000100000000)
  region size 1024K, 6 young (6144K), 6 survivors (6144K)
 Metaspace       used 96907K, capacity 99036K, committed 99244K, reserved 1134592K
  class space    used 12683K, capacity 13518K, committed 13568K, reserved 1048576K
}
Event: 20.588 GC heap before
{Heap before GC invocations=31 (full 0):
 garbage-first heap   total 237568K, used 186880K [0x0000000080000000, 0x0000000100000000)
  region size 1024K, 32 young (32768K), 6 survivors (6144K)
 Metaspace       used 96926K, capacity 99101K, committed 99244K, reserved 1134592K
  class space    used 12683K, capacity 13518K, committed 13568K, reserved 1048576K
}
Event: 20.611 GC heap after
{Heap after GC invocations=32 (full 0):
 garbage-first heap   total 237568K, used 176128K [0x0000000080000000, 0x0000000100000000)
  region size 1024K, 4 young (4096K), 4 survivors (4096K)
 Metaspace       used 96926K, capacity 99101K, committed 99244K, reserved 1134592K
  class space    used 12683K, capacity 13518K, committed 13568K, reserved 1048576K
}
Event: 21.455 GC heap before
{Heap before GC invocations=33 (full 0):
 garbage-first heap   total 237568K, used 192512K [0x0000000080000000, 0x0000000100000000)
  region size 1024K, 21 young (21504K), 4 survivors (4096K)
 Metaspace       used 96928K, capacity 99101K, committed 99244K, reserved 1134592K
  class space    used 12684K, capacity 13518K, committed 13568K, reserved 1048576K
}
Event: 21.470 GC heap after
{Heap after GC invocations=34 (full 0):
 garbage-first heap   total 237568K, used 186368K [0x0000000080000000, 0x0000000100000000)
  region size 1024K, 3 young (3072K), 3 survivors (3072K)
 Metaspace       used 96928K, capacity 99101K, committed 99244K, reserved 1134592K
  class space    used 12684K, capacity 13518K, committed 13568K, reserved 1048576K
}
Event: 21.983 GC heap before
{Heap before GC invocations=34 (full 0):
 garbage-first heap   total 237568K, used 197632K [0x0000000080000000, 0x0000000100000000)
  region size 1024K, 15 young (15360K), 3 survivors (3072K)
 Metaspace       used 98828K, capacity 101032K, committed 101292K, reserved 1136640K
  class space    used 12942K, capacity 13817K, committed 13824K, reserved 1048576K
}
Event: 21.995 GC heap after
{Heap after GC invocations=35 (full 0):
 garbage-first heap   total 285696K, used 189440K [0x0000000080000000, 0x0000000100000000)
  region size 1024K, 2 young (2048K), 2 survivors (2048K)
 Metaspace       used 98828K, capacity 101032K, committed 101292K, reserved 1136640K
  class space    used 12942K, capacity 13817K, committed 13824K, reserved 1048576K
}
Event: 22.660 GC heap before
{Heap before GC invocations=36 (full 0):
 garbage-first heap   total 285696K, used 205824K [0x0000000080000000, 0x0000000100000000)
  region size 1024K, 29 young (29696K), 2 survivors (2048K)
 Metaspace       used 99688K, capacity 102122K, committed 102316K, reserved 1138688K
  class space    used 13066K, capacity 14025K, committed 14080K, reserved 1048576K
}
Event: 22.675 GC heap after
{Heap after GC invocations=37 (full 0):
 garbage-first heap   total 285696K, used 184320K [0x0000000080000000, 0x0000000100000000)
  region size 1024K, 4 young (4096K), 4 survivors (4096K)
 Metaspace       used 99688K, capacity 102122K, committed 102316K, reserved 1138688K
  class space    used 13066K, capacity 14025K, committed 14080K, reserved 1048576K
}
Event: 22.761 GC heap before
{Heap before GC invocations=37 (full 0):
 garbage-first heap   total 285696K, used 193536K [0x0000000080000000, 0x0000000100000000)
  region size 1024K, 13 young (13312K), 4 survivors (4096K)
 Metaspace       used 99691K, capacity 102123K, committed 102316K, reserved 1138688K
  class space    used 13066K, capacity 14025K, committed 14080K, reserved 1048576K
}
Event: 22.772 GC heap after
{Heap after GC invocations=38 (full 0):
 garbage-first heap   total 285696K, used 182933K [0x0000000080000000, 0x0000000100000000)
  region size 1024K, 2 young (2048K), 2 survivors (2048K)
 Metaspace       used 99691K, capacity 102123K, committed 102316K, reserved 1138688K
  class space    used 13066K, capacity 14025K, committed 14080K, reserved 1048576K
}
Event: 23.050 GC heap before
{Heap before GC invocations=38 (full 0):
 garbage-first heap   total 285696K, used 212629K [0x0000000080000000, 0x0000000100000000)
  region size 1024K, 32 young (32768K), 2 survivors (2048K)
 Metaspace       used 100264K, capacity 102726K, committed 102956K, reserved 1138688K
  class space    used 13134K, capacity 14111K, committed 14208K, reserved 1048576K
}
Event: 23.059 GC heap after
{Heap after GC invocations=39 (full 0):
 garbage-first heap   total 285696K, used 186732K [0x0000000080000000, 0x0000000100000000)
  region size 1024K, 4 young (4096K), 4 survivors (4096K)
 Metaspace       used 100264K, capacity 102726K, committed 102956K, reserved 1138688K
  class space    used 13134K, capacity 14111K, committed 14208K, reserved 1048576K
}
Event: 23.822 GC heap before
{Heap before GC invocations=40 (full 0):
 garbage-first heap   total 285696K, used 224620K [0x0000000080000000, 0x0000000100000000)
  region size 1024K, 36 young (36864K), 4 survivors (4096K)
 Metaspace       used 100275K, capacity 102709K, committed 102956K, reserved 1138688K
  class space    used 13130K, capacity 14105K, committed 14208K, reserved 1048576K
}

