# JRE version: OpenJDK Runtime Environment (11.0.11+9) (build 11.0.11+9-b60-7590822)
# Java VM: OpenJDK 64-Bit Server VM (11.0.11+9-b60-7590822, mixed mode, tiered, compressed oops, g1 gc, windows-amd64)
Heap:
 garbage-first heap   total 189440K, used 137633K [0x0000000080000000, 0x0000000100000000)
  region size 1024K, 81 young (82944K), 10 survivors (10240K)
 Metaspace       used 77141K, capacity 78727K, committed 78888K, reserved 1118208K
  class space    used 10074K, capacity 10707K, committed 10752K, reserved 1048576K
GC Heap History (20 events):
Event: 2.834 GC heap after
{Heap after GC invocations=5 (full 0):
 garbage-first heap   total 131072K, used 17513K [0x0000000080000000, 0x0000000100000000)
  region size 1024K, 5 young (5120K), 5 survivors (5120K)
 Metaspace       used 20644K, capacity 21104K, committed 21296K, reserved 1069056K
  class space    used 2533K, capacity 2660K, committed 2688K, reserved 1048576K
}
Event: 3.701 GC heap before
{Heap before GC invocations=6 (full 0):
 garbage-first heap   total 131072K, used 68713K [0x0000000080000000, 0x0000000100000000)
  region size 1024K, 55 young (56320K), 5 survivors (5120K)
 Metaspace       used 25917K, capacity 26508K, committed 26752K, reserved 1073152K
  class space    used 3391K, capacity 3617K, committed 3712K, reserved 1048576K
}
Event: 3.708 GC heap after
{Heap after GC invocations=7 (full 0):
 garbage-first heap   total 131072K, used 19709K [0x0000000080000000, 0x0000000100000000)
  region size 1024K, 3 young (3072K), 3 survivors (3072K)
 Metaspace       used 25917K, capacity 26508K, committed 26752K, reserved 1073152K
  class space    used 3391K, capacity 3617K, committed 3712K, reserved 1048576K
}
Event: 4.550 GC heap before
{Heap before GC invocations=7 (full 0):
 garbage-first heap   total 131072K, used 73981K [0x0000000080000000, 0x0000000100000000)
  region size 1024K, 56 young (57344K), 3 survivors (3072K)
 Metaspace       used 32295K, capacity 33090K, committed 33280K, reserved 1077248K
  class space    used 4261K, capacity 4538K, committed 4608K, reserved 1048576K
}
Event: 4.557 GC heap after
{Heap after GC invocations=8 (full 0):
 garbage-first heap   total 157696K, used 21921K [0x0000000080000000, 0x0000000100000000)
  region size 1024K, 6 young (6144K), 6 survivors (6144K)
 Metaspace       used 32295K, capacity 33090K, committed 33280K, reserved 1077248K
  class space    used 4261K, capacity 4538K, committed 4608K, reserved 1048576K
}
Event: 4.776 GC heap before
{Heap before GC invocations=8 (full 0):
 garbage-first heap   total 157696K, used 28065K [0x0000000080000000, 0x0000000100000000)
  region size 1024K, 13 young (13312K), 6 survivors (6144K)
 Metaspace       used 35039K, capacity 35845K, committed 36048K, reserved 1081344K
  class space    used 4560K, capacity 4863K, committed 4864K, reserved 1048576K
}
Event: 4.784 GC heap after
{Heap after GC invocations=9 (full 0):
 garbage-first heap   total 157696K, used 23251K [0x0000000080000000, 0x0000000100000000)
  region size 1024K, 6 young (6144K), 6 survivors (6144K)
 Metaspace       used 35039K, capacity 35845K, committed 36048K, reserved 1081344K
  class space    used 4560K, capacity 4863K, committed 4864K, reserved 1048576K
}
Event: 5.769 GC heap before
{Heap before GC invocations=10 (full 0):
 garbage-first heap   total 157696K, used 94931K [0x0000000080000000, 0x0000000100000000)
  region size 1024K, 74 young (75776K), 6 survivors (6144K)
 Metaspace       used 40218K, capacity 41112K, committed 41244K, reserved 1085440K
  class space    used 5153K, capacity 5504K, committed 5504K, reserved 1048576K
}
Event: 5.780 GC heap after
{Heap after GC invocations=11 (full 0):
 garbage-first heap   total 157696K, used 28460K [0x0000000080000000, 0x0000000100000000)
  region size 1024K, 9 young (9216K), 9 survivors (9216K)
 Metaspace       used 40218K, capacity 41112K, committed 41244K, reserved 1085440K
  class space    used 5153K, capacity 5504K, committed 5504K, reserved 1048576K
}
Event: 6.910 GC heap before
{Heap before GC invocations=11 (full 0):
 garbage-first heap   total 157696K, used 103212K [0x0000000080000000, 0x0000000100000000)
  region size 1024K, 82 young (83968K), 9 survivors (9216K)
 Metaspace       used 46752K, capacity 47925K, committed 48156K, reserved 1091584K
  class space    used 6018K, capacity 6467K, committed 6528K, reserved 1048576K
}
Event: 6.921 GC heap after
{Heap after GC invocations=12 (full 0):
 garbage-first heap   total 157696K, used 30772K [0x0000000080000000, 0x0000000100000000)
  region size 1024K, 8 young (8192K), 8 survivors (8192K)
 Metaspace       used 46752K, capacity 47925K, committed 48156K, reserved 1091584K
  class space    used 6018K, capacity 6467K, committed 6528K, reserved 1048576K
}
Event: 9.324 GC heap before
{Heap before GC invocations=12 (full 0):
 garbage-first heap   total 157696K, used 118836K [0x0000000080000000, 0x0000000100000000)
  region size 1024K, 86 young (88064K), 8 survivors (8192K)
 Metaspace       used 51376K, capacity 52665K, committed 52892K, reserved 1095680K
  class space    used 6550K, capacity 7044K, committed 7168K, reserved 1048576K
}
Event: 9.340 GC heap after
{Heap after GC invocations=13 (full 0):
 garbage-first heap   total 157696K, used 51200K [0x0000000080000000, 0x0000000100000000)
  region size 1024K, 11 young (11264K), 11 survivors (11264K)
 Metaspace       used 51376K, capacity 52665K, committed 52892K, reserved 1095680K
  class space    used 6550K, capacity 7044K, committed 7168K, reserved 1048576K
}
Event: 10.424 GC heap before
{Heap before GC invocations=13 (full 0):
 garbage-first heap   total 157696K, used 103424K [0x0000000080000000, 0x0000000100000000)
  region size 1024K, 63 young (64512K), 11 survivors (11264K)
 Metaspace       used 58995K, capacity 60462K, committed 60572K, reserved 1101824K
  class space    used 7511K, capacity 8084K, committed 8192K, reserved 1048576K
}
Event: 10.442 GC heap after
{Heap after GC invocations=14 (full 0):
 garbage-first heap   total 189440K, used 55252K [0x0000000080000000, 0x0000000100000000)
  region size 1024K, 3 young (3072K), 3 survivors (3072K)
 Metaspace       used 58995K, capacity 60462K, committed 60572K, reserved 1101824K
  class space    used 7511K, capacity 8084K, committed 8192K, reserved 1048576K
}
Event: 12.091 GC heap before
{Heap before GC invocations=15 (full 0):
 garbage-first heap   total 189440K, used 127956K [0x0000000080000000, 0x0000000100000000)
  region size 1024K, 74 young (75776K), 3 survivors (3072K)
 Metaspace       used 66247K, capacity 67704K, committed 68008K, reserved 1107968K
  class space    used 8405K, capacity 8969K, committed 9088K, reserved 1048576K
}
Event: 12.101 GC heap after
{Heap after GC invocations=16 (full 0):
 garbage-first heap   total 189440K, used 59557K [0x0000000080000000, 0x0000000100000000)
  region size 1024K, 8 young (8192K), 8 survivors (8192K)
 Metaspace       used 66247K, capacity 67704K, committed 68008K, reserved 1107968K
  class space    used 8405K, capacity 8969K, committed 9088K, reserved 1048576K
}
Event: 13.014 GC heap before
{Heap before GC invocations=17 (full 0):
 garbage-first heap   total 189440K, used 132261K [0x0000000080000000, 0x0000000100000000)
  region size 1024K, 79 young (80896K), 8 survivors (8192K)
 Metaspace       used 70017K, capacity 71482K, committed 71592K, reserved 1112064K
  class space    used 8954K, capacity 9523K, committed 9600K, reserved 1048576K
}
Event: 13.027 GC heap after
{Heap after GC invocations=18 (full 0):
 garbage-first heap   total 189440K, used 64929K [0x0000000080000000, 0x0000000100000000)
  region size 1024K, 10 young (10240K), 10 survivors (10240K)
 Metaspace       used 70017K, capacity 71482K, committed 71592K, reserved 1112064K
  class space    used 8954K, capacity 9523K, committed 9600K, reserved 1048576K
}
Event: 14.090 GC heap before
{Heap before GC invocations=18 (full 0):
 garbage-first heap   total 189440K, used 137633K [0x0000000080000000, 0x0000000100000000)
  region size 1024K, 81 young (82944K), 10 survivors (10240K)
 Metaspace       used 77141K, capacity 78727K, committed 78888K, reserved 1118208K
  class space    used 10074K, capacity 10707K, committed 10752K, reserved 1048576K
}

