# JRE version: OpenJDK Runtime Environment (11.0.12+7) (build 11.0.12+7-b1504.28-7817840)
# Java VM: OpenJDK 64-Bit Server VM (11.0.12+7-b1504.28-7817840, mixed mode, tiered, compressed oops, g1 gc, windows-amd64)
Heap:
 garbage-first heap   total 273408K, used 240119K [0x0000000080000000, 0x0000000100000000)
  region size 1024K, 54 young (55296K), 7 survivors (7168K)
 Metaspace       used 156191K, capacity 159844K, committed 160588K, reserved 1189888K
  class space    used 19248K, capacity 20728K, committed 20864K, reserved 1048576K
GC Heap History (20 events):
Event: 16322.922 GC heap after
{Heap after GC invocations=99 (full 0):
 garbage-first heap   total 227328K, used 186989K [0x0000000080000000, 0x0000000100000000)
  region size 1024K, 2 young (2048K), 2 survivors (2048K)
 Metaspace       used 152693K, capacity 156379K, committed 157260K, reserved 1185792K
  class space    used 18970K, capacity 20432K, committed 20608K, reserved 1048576K
}
Event: 16323.119 GC heap before
{Heap before GC invocations=99 (full 0):
 garbage-first heap   total 227328K, used 196205K [0x0000000080000000, 0x0000000100000000)
  region size 1024K, 11 young (11264K), 2 survivors (2048K)
 Metaspace       used 154286K, capacity 157979K, committed 158924K, reserved 1187840K
  class space    used 19100K, capacity 20560K, committed 20736K, reserved 1048576K
}
Event: 16323.127 GC heap after
{Heap after GC invocations=100 (full 0):
 garbage-first heap   total 227328K, used 187560K [0x0000000080000000, 0x0000000100000000)
  region size 1024K, 2 young (2048K), 2 survivors (2048K)
 Metaspace       used 154286K, capacity 157979K, committed 158924K, reserved 1187840K
  class space    used 19100K, capacity 20560K, committed 20736K, reserved 1048576K
}
Event: 16323.348 GC heap before
{Heap before GC invocations=100 (full 0):
 garbage-first heap   total 227328K, used 196776K [0x0000000080000000, 0x0000000100000000)
  region size 1024K, 11 young (11264K), 2 survivors (2048K)
 Metaspace       used 154554K, capacity 158235K, committed 159180K, reserved 1187840K
  class space    used 19107K, capacity 20560K, committed 20736K, reserved 1048576K
}
Event: 16323.355 GC heap after
{Heap after GC invocations=101 (full 0):
 garbage-first heap   total 227328K, used 188835K [0x0000000080000000, 0x0000000100000000)
  region size 1024K, 2 young (2048K), 2 survivors (2048K)
 Metaspace       used 154554K, capacity 158235K, committed 159180K, reserved 1187840K
  class space    used 19107K, capacity 20560K, committed 20736K, reserved 1048576K
}
Event: 16323.661 GC heap before
{Heap before GC invocations=101 (full 0):
 garbage-first heap   total 227328K, used 179619K [0x0000000080000000, 0x0000000100000000)
  region size 1024K, 11 young (11264K), 2 survivors (2048K)
 Metaspace       used 154719K, capacity 158363K, committed 159180K, reserved 1187840K
  class space    used 19117K, capacity 20560K, committed 20736K, reserved 1048576K
}
Event: 16323.667 GC heap after
{Heap after GC invocations=102 (full 0):
 garbage-first heap   total 227328K, used 172277K [0x0000000080000000, 0x0000000100000000)
  region size 1024K, 2 young (2048K), 2 survivors (2048K)
 Metaspace       used 154719K, capacity 158363K, committed 159180K, reserved 1187840K
  class space    used 19117K, capacity 20560K, committed 20736K, reserved 1048576K
}
Event: 16323.797 GC heap before
{Heap before GC invocations=103 (full 0):
 garbage-first heap   total 227328K, used 189685K [0x0000000080000000, 0x0000000100000000)
  region size 1024K, 19 young (19456K), 2 survivors (2048K)
 Metaspace       used 154928K, capacity 158587K, committed 159564K, reserved 1187840K
  class space    used 19132K, capacity 20592K, committed 20864K, reserved 1048576K
}
Event: 16323.805 GC heap after
{Heap after GC invocations=104 (full 0):
 garbage-first heap   total 273408K, used 176362K [0x0000000080000000, 0x0000000100000000)
  region size 1024K, 3 young (3072K), 3 survivors (3072K)
 Metaspace       used 154928K, capacity 158587K, committed 159564K, reserved 1187840K
  class space    used 19132K, capacity 20592K, committed 20864K, reserved 1048576K
}
Event: 16324.311 GC heap before
{Heap before GC invocations=104 (full 0):
 garbage-first heap   total 273408K, used 186602K [0x0000000080000000, 0x0000000100000000)
  region size 1024K, 13 young (13312K), 3 survivors (3072K)
 Metaspace       used 154974K, capacity 158651K, committed 159564K, reserved 1187840K
  class space    used 19132K, capacity 20592K, committed 20864K, reserved 1048576K
}
Event: 16324.322 GC heap after
{Heap after GC invocations=105 (full 0):
 garbage-first heap   total 273408K, used 161792K [0x0000000080000000, 0x0000000100000000)
  region size 1024K, 2 young (2048K), 2 survivors (2048K)
 Metaspace       used 154974K, capacity 158651K, committed 159564K, reserved 1187840K
  class space    used 19132K, capacity 20592K, committed 20864K, reserved 1048576K
}
Event: 16326.607 GC heap before
{Heap before GC invocations=105 (full 0):
 garbage-first heap   total 273408K, used 197632K [0x0000000080000000, 0x0000000100000000)
  region size 1024K, 38 young (38912K), 2 survivors (2048K)
 Metaspace       used 155112K, capacity 158779K, committed 159820K, reserved 1187840K
  class space    used 19135K, capacity 20592K, committed 20864K, reserved 1048576K
}
Event: 16326.613 GC heap after
{Heap after GC invocations=106 (full 0):
 garbage-first heap   total 273408K, used 161792K [0x0000000080000000, 0x0000000100000000)
  region size 1024K, 2 young (2048K), 2 survivors (2048K)
 Metaspace       used 155112K, capacity 158779K, committed 159820K, reserved 1187840K
  class space    used 19135K, capacity 20592K, committed 20864K, reserved 1048576K
}
Event: 16327.702 GC heap before
{Heap before GC invocations=107 (full 0):
 garbage-first heap   total 273408K, used 200704K [0x0000000080000000, 0x0000000100000000)
  region size 1024K, 42 young (43008K), 2 survivors (2048K)
 Metaspace       used 155619K, capacity 159241K, committed 160076K, reserved 1187840K
  class space    used 19193K, capacity 20635K, committed 20864K, reserved 1048576K
}
Event: 16327.712 GC heap after
{Heap after GC invocations=108 (full 0):
 garbage-first heap   total 273408K, used 164135K [0x0000000080000000, 0x0000000100000000)
  region size 1024K, 6 young (6144K), 6 survivors (6144K)
 Metaspace       used 155619K, capacity 159241K, committed 160076K, reserved 1187840K
  class space    used 19193K, capacity 20635K, committed 20864K, reserved 1048576K
}
Event: 16327.845 GC heap before
{Heap before GC invocations=108 (full 0):
 garbage-first heap   total 273408K, used 171303K [0x0000000080000000, 0x0000000100000000)
  region size 1024K, 13 young (13312K), 6 survivors (6144K)
 Metaspace       used 155942K, capacity 159563K, committed 160332K, reserved 1189888K
  class space    used 19227K, capacity 20676K, committed 20864K, reserved 1048576K
}
Event: 16327.855 GC heap after
{Heap after GC invocations=109 (full 0):
 garbage-first heap   total 273408K, used 155957K [0x0000000080000000, 0x0000000100000000)
  region size 1024K, 1 young (1024K), 1 survivors (1024K)
 Metaspace       used 155942K, capacity 159563K, committed 160332K, reserved 1189888K
  class space    used 19227K, capacity 20676K, committed 20864K, reserved 1048576K
}
Event: 16328.704 GC heap before
{Heap before GC invocations=109 (full 0):
 garbage-first heap   total 273408K, used 199989K [0x0000000080000000, 0x0000000100000000)
  region size 1024K, 45 young (46080K), 1 survivors (1024K)
 Metaspace       used 156153K, capacity 159822K, committed 160588K, reserved 1189888K
  class space    used 19246K, capacity 20725K, committed 20864K, reserved 1048576K
}
Event: 16328.712 GC heap after
{Heap after GC invocations=110 (full 0):
 garbage-first heap   total 273408K, used 157175K [0x0000000080000000, 0x0000000100000000)
  region size 1024K, 3 young (3072K), 3 survivors (3072K)
 Metaspace       used 156153K, capacity 159822K, committed 160588K, reserved 1189888K
  class space    used 19246K, capacity 20725K, committed 20864K, reserved 1048576K
}
Event: 16329.948 GC heap before
{Heap before GC invocations=111 (full 0):
 garbage-first heap   total 273408K, used 239095K [0x0000000080000000, 0x0000000100000000)
  region size 1024K, 50 young (51200K), 3 survivors (3072K)
 Metaspace       used 156191K, capacity 159844K, committed 160588K, reserved 1189888K
  class space    used 19248K, capacity 20728K, committed 20864K, reserved 1048576K
}

